2017-11-16 10:33:18,972 INFO  [Log] [OK] Instantiate and open the web browser: Chrome 
2017-11-16 10:33:29,600 INFO  [Log] [OK] On browser factory class, the browser selected is Chrome 
2017-11-16 10:34:04,672 INFO  [Log] [OK] Instantiate and open the web browser: Chrome 
2017-11-16 10:34:05,489 INFO  [Log] [OK] On browser factory class, the browser selected is Chrome 
2017-11-17 10:55:51,578 INFO  [Log] [OK] Instantiate and open the web browser: Chrome 
2017-11-17 10:55:53,386 INFO  [Log] [OK] On browser factory class, the browser selected is Chrome 
2017-11-17 10:58:52,472 INFO  [Log] [OK] Instantiate and open the web browser: Chrome 
2017-11-17 10:58:56,210 INFO  [Log] [OK] On browser factory class, the browser selected is Chrome 
2017-11-17 11:01:43,814 INFO  [Log] [OK] Instantiate and open the web browser: Chrome 
2017-11-17 11:01:43,815 INFO  [Log] [OK] On browser factory class, the browser selected is Chrome 
2017-11-18 16:54:17,676 INFO  [Log] [OK] Instantiate and open the web browser: Chrome 
2017-11-18 16:54:17,687 INFO  [Log] [OK] On browser factory class, the browser selected is Chrome 
2017-11-19 17:35:23,731 INFO  [Log] [OK] Instantiate and open the web browser: Chrome 
2017-11-19 17:35:23,745 INFO  [Log] [OK] On browser factory class, the browser selected is Chrome 
2017-11-19 17:45:59,614 INFO  [Log] [OK] Instantiate and open the web browser: Chrome 
2017-11-19 17:45:59,614 INFO  [Log] [OK] On browser factory class, the browser selected is Chrome 
2017-11-19 17:46:06,128 INFO  [Log] [OK] Entry values on search box 
2017-11-19 17:49:01,962 INFO  [Log] [OK] Instantiate and open the web browser: Chrome 
2017-11-19 17:49:01,963 INFO  [Log] [OK] On browser factory class, the browser selected is Chrome 
2017-11-19 17:49:10,514 INFO  [Log] [OK] Entry values on search box 
2017-11-19 17:49:27,299 INFO  [Log] [OK] Instantiate and open the web browser: Chrome 
2017-11-19 17:49:27,299 INFO  [Log] [OK] On browser factory class, the browser selected is Chrome 
2017-11-19 17:49:37,080 INFO  [Log] [OK] Entry values on search box 
2017-11-19 17:50:44,834 INFO  [Log] [OK] Instantiate and open the web browser: Chrome 
2017-11-19 17:50:44,834 INFO  [Log] [OK] On browser factory class, the browser selected is Chrome 
2017-11-19 17:50:52,503 INFO  [Log] [OK] Entry values on search box 
2017-11-19 17:50:53,504 ERROR [Log] [KO] The element null does not exist 
2017-11-19 17:51:39,499 INFO  [Log] [OK] Instantiate and open the web browser: Chrome 
2017-11-19 17:51:39,500 INFO  [Log] [OK] On browser factory class, the browser selected is Chrome 
2017-11-19 17:51:45,954 INFO  [Log] [OK] Entry values on search box 
2017-11-19 17:52:04,922 ERROR [Log] [KO] The element null does not exist 
2017-11-19 17:55:23,415 INFO  [Log] [OK] Instantiate and open the web browser: Chrome 
2017-11-19 17:55:23,415 INFO  [Log] [OK] On browser factory class, the browser selected is Chrome 
2017-11-19 17:55:29,460 INFO  [Log] [OK] Entry values on search box 
2017-11-19 17:55:30,485 INFO  [Log] [OK] The element lst-ib exist 
2017-11-19 18:18:44,987 INFO  [Log] [OK] Instantiate and open the web browser: Chrome 
2017-11-19 18:18:44,987 INFO  [Log] [OK] On browser factory class, the browser selected is Chrome 
2017-11-19 18:18:53,808 INFO  [Log] [OK] Entry values on search box 
2017-11-19 18:19:01,045 ERROR [Log] [KO] The element lst-ib does not exist 
2017-11-19 18:19:01,052 ERROR [Log] [KO] Something went wrong: no such window: target window already closed
from unknown error: web view not found
  (Session info: chrome=62.0.3202.94)
  (Driver info: chromedriver=2.33.506120 (e3e53437346286c0bc2d2dc9aa4915ba81d9023f),platform=Windows NT 10.0.16299 x86_64) (WARNING: The server did not provide any stacktrace information)
Command duration or timeout: 2 milliseconds
Build info: version: '2.53.1', revision: 'a36b8b1cd5757287168e54b817830adce9b0158d', time: '2016-06-30 19:26:09'
System info: host: 'DESKTOP-166VR3N', ip: '172.18.192.193', os.name: 'Windows 10', os.arch: 'amd64', os.version: '10.0', java.version: '1.8.0_121'
Driver info: org.openqa.selenium.chrome.ChromeDriver
Capabilities [{applicationCacheEnabled=false, rotatable=false, mobileEmulationEnabled=false, networkConnectionEnabled=false, chrome={chromedriverVersion=2.33.506120 (e3e53437346286c0bc2d2dc9aa4915ba81d9023f), userDataDir=C:\Users\Cabsiel\AppData\Local\Temp\scoped_dir9776_30052}, takesHeapSnapshot=true, pageLoadStrategy=normal, databaseEnabled=false, handlesAlerts=true, hasTouchScreen=false, version=62.0.3202.94, platform=XP, browserConnectionEnabled=false, nativeEvents=true, acceptSslCerts=true, locationContextEnabled=true, webStorageEnabled=true, browserName=chrome, takesScreenshot=true, javascriptEnabled=true, cssSelectorsEnabled=true, setWindowRect=true, unexpectedAlertBehaviour=}]
Session ID: 2a8cb8c824575ffcb100a6ce67ba6354 
2017-11-19 19:21:58,125 INFO  [Log] [OK] Instantiate and open the web browser: Chrome 
2017-11-19 19:21:58,125 INFO  [Log] [OK] On browser factory class, the browser selected is Chrome 
2017-11-19 19:22:04,796 INFO  [Log] [OK] Entry values on search box 
2017-11-19 19:22:09,349 INFO  [Log] [OK] The element lst-ib exist 
2017-11-19 19:22:09,484 INFO  [Log] [OK] Entry values on search box 
2017-11-19 19:22:10,495 INFO  [Log] [OK] The element lst-ib exist 
2017-11-19 19:22:29,549 INFO  [Log] [OK] Instantiate and open the web browser: Chrome 
2017-11-19 19:22:29,550 INFO  [Log] [OK] On browser factory class, the browser selected is Chrome 
2017-11-19 19:22:36,853 INFO  [Log] [OK] Entry values on search box 
2017-11-19 19:22:37,906 INFO  [Log] [OK] The element lst-ib exist 
2017-11-19 19:22:38,040 INFO  [Log] [OK] Entry values on search box 
2017-11-19 19:22:39,048 INFO  [Log] [OK] The element lst-ib exist 
2017-11-19 19:38:04,348 INFO  [Log] [OK] Instantiate and open the web browser: Chrome 
2018-01-28 13:04:33,874 INFO  [Log] [OK] Instantiate and open the web browser: Chrome 
2018-01-28 13:05:15,678 INFO  [Log] [OK] Instantiate and open the web browser: Chrome 
2018-01-28 13:05:42,863 INFO  [Log] [OK] Instantiate and open the web browser: Chrome 
